<?xml version="1.0" encoding="UTF-8"?>
<!-- Generated by org.testng.reporters.JUnitReportReporter -->
<testsuite hostname="Rashmi" failures="0" tests="2" name="pac1.OrgTest" time="0.012" errors="0" timestamp="2025-03-12T13:04:01 IST" skipped="0">
  <testcase classname="pac1.OrgTest" name="modifyOrgTest" time="0.002"/>
  <system-out/>
  <testcase classname="pac1.OrgTest" name="createOrgTest" time="0.010"/>
  <system-out/>
</testsuite> <!-- pac1.OrgTest -->
