<?xml version="1.0" encoding="UTF-8"?>
<!-- Generated by org.testng.reporters.JUnitReportReporter -->
<testsuite hostname="Rashmi" failures="0" tests="2" name="pac1.ContatTest" time="0.003" errors="0" timestamp="2025-03-12T13:04:01 IST" skipped="0">
  <testcase classname="pac1.ContatTest" name="createContactTest" time="0.002"/>
  <system-out/>
  <testcase classname="pac1.ContatTest" name="modifyContatcTest" time="0.001"/>
  <system-out/>
</testsuite> <!-- pac1.ContatTest -->
