<?xml version="1.0" encoding="UTF-8"?>
<!-- Generated by org.testng.reporters.JUnitReportReporter -->
<testsuite hostname="Rashmi" failures="0" tests="1" name="pac2.DeleteOrgTest" time="0.002" errors="0" timestamp="2025-03-12T12:50:30 IST" skipped="0">
  <testcase classname="pac2.DeleteOrgTest" name="deleteOrgTest" time="0.002"/>
  <system-out/>
</testsuite> <!-- pac2.DeleteOrgTest -->
