<?xml version="1.0" encoding="UTF-8"?>
<!-- Generated by org.testng.reporters.JUnitReportReporter -->
<testsuite hostname="Rashmi" failures="0" tests="1" name="pac1.ClassA" time="0.029" errors="0" timestamp="2025-03-12T11:20:49 IST" skipped="0">
  <testcase classname="pac1.ClassA" name="createOrg" time="0.029"/>
</testsuite> <!-- pac1.ClassA -->
